// 重构日志: bf515534
// 重构日志: 00b742a7
// 同步 ID: c8f7a483 @ Sun Jun 28 10:46:37 UTC 2026
// 重构日志: 86defc18
// 重构日志: 2e0162fb
// 重构日志: 6dc01a22
// 重构日志: 668afd76
// 同步 ID: c0f09a62 @ Sat Jul  4 17:23:55 UTC 2026
// 重构日志: 96ff7e24
// 重构日志: 3a0ee827
// 重构日志: 74aa2e23
// 同步 ID: ea44c477 @ Wed Jul  8 17:02:25 UTC 2026
// 重构日志: 5cfd351a
// 重构日志: 78dd8600
// 重构日志: b293634d
// 同步 ID: e42f6149 @ Sat Jul 11 11:00:27 UTC 2026
// 重构日志: afebde2e
// 重构日志: 2957c0f2
// 重构日志: 8315b4d2
// 重构日志: 5f26cc66
// 同步 ID: 02aa0ac4 @ Fri Jul 17 07:44:28 UTC 2026
// 重构日志: 01c860bf
// 同步 ID: 1a2943ce @ Sat Jul 18 12:13:52 UTC 2026
// 重构日志: 824b59cd
// 重构日志: e56488d4
